<?xml version="1.0" encoding="UTF-8"?>
<!-- Generated by org.testng.reporters.JUnitReportReporter -->
<testsuite hostname="Acer" name="com.sri.test.TestDemoSri" tests="1" failures="0" timestamp="1 Nov 2017 12:20:30 GMT" time="14.491" errors="0">
  <testcase name="testApp" time="14.491" classname="com.sri.test.TestDemoSri"/>
</testsuite> <!-- com.sri.test.TestDemoSri -->
